#
# There is insufficient memory for the Java Runtime Environment to continue.
# Native memory allocation (mmap) failed to map 532676608 bytes. Error detail: G1 virtual space
# Possible reasons:
#   The system is out of physical RAM or swap space
#   This process is running with CompressedOops enabled, and the Java Heap may be blocking the growth of the native heap
# Possible solutions:
#   Reduce memory load on the system
#   Increase physical memory or swap space
#   Check if swap backing store is full
#   Decrease Java heap size (-Xmx/-Xms)
#   Decrease number of Java threads
#   Decrease Java thread stack sizes (-Xss)
#   Set larger code cache with -XX:ReservedCodeCacheSize=
#   JVM is running with Zero Based Compressed Oops mode in which the Java heap is
#     placed in the first 32GB address space. The Java Heap base address is the
#     maximum limit for the native heap growth. Please use -XX:HeapBaseMinAddress
#     to set the Java Heap base and to place the Java Heap above 32GB virtual address.
# This output file may be truncated or incomplete.
#
#  Out of Memory Error (os_windows.cpp:3603), pid=7624, tid=54284
#
# JRE version:  (21.0.3+9) (build )
# Java VM: OpenJDK 64-Bit Server VM (21.0.3+9-LTS, mixed mode, sharing, tiered, compressed oops, compressed class ptrs, g1 gc, windows-amd64)
# No core dump will be written. Minidumps are not enabled by default on client versions of Windows
#

---------------  S U M M A R Y ------------

Command Line: -ea -Didea.test.cyclic.buffer.size=1048576 -javaagent:C:\Program Files\JetBrains\IntelliJIdea2024.1.4\lib\idea_rt.jar=52686:C:\Program Files\JetBrains\IntelliJIdea2024.1.4\bin -Dfile.encoding=UTF-8 -Dsun.stdout.encoding=UTF-8 -Dsun.stderr.encoding=UTF-8 com.intellij.rt.junit.JUnitStarter -ideVersion5 -junit5 @w@C:\Users\fboro\AppData\Local\Temp\idea_working_dirs_junit1.tmp @C:\Users\fboro\AppData\Local\Temp\idea_junit1.tmp -socket52684

Host: 12th Gen Intel(R) Core(TM) i9-12900H, 20 cores, 31G,  Windows 11 , 64 bit Build 22621 (10.0.22621.3672)
Time: Sun Jun 30 20:16:08 2024 Central European Summer Time elapsed time: 0.086956 seconds (0d 0h 0m 0s)

---------------  T H R E A D  ---------------

Current thread (0x000002739f80da60):  JavaThread "Unknown thread" [_thread_in_vm, id=54284, stack(0x000000a73ad00000,0x000000a73ae00000) (1024K)]

Stack: [0x000000a73ad00000,0x000000a73ae00000]
Native frames: (J=compiled Java code, j=interpreted, Vv=VM code, C=native code)
V  [jvm.dll+0x6d4fa9]
V  [jvm.dll+0x8b01c3]
V  [jvm.dll+0x8b251e]
V  [jvm.dll+0x8b2c03]
V  [jvm.dll+0x284fb6]
V  [jvm.dll+0x6d1775]
V  [jvm.dll+0x6c5eaa]
V  [jvm.dll+0x35bd0b]
V  [jvm.dll+0x3638b6]
V  [jvm.dll+0x3b4e46]
V  [jvm.dll+0x3b5118]
V  [jvm.dll+0x32f44c]
V  [jvm.dll+0x33013b]
V  [jvm.dll+0x8782b9]
V  [jvm.dll+0x3c2211]
V  [jvm.dll+0x8616e8]
V  [jvm.dll+0x45648e]
V  [jvm.dll+0x458001]
C  [jli.dll+0x52ab]
C  [ucrtbase.dll+0x29333]
C  [KERNEL32.DLL+0x1257d]
C  [ntdll.dll+0x5af28]


---------------  P R O C E S S  ---------------

Threads class SMR info:
_java_thread_list=0x00007fff4a54d008, length=0, elements={
}

Java Threads: ( => current thread )
Total: 0

Other Threads:
  0x000002739f7328f0 WorkerThread "GC Thread#0"                     [id=54936, stack(0x000000a73ae00000,0x000000a73af00000) (1024K)]
  0x00000273a1c0f1b0 ConcurrentGCThread "G1 Main Marker"            [id=54764, stack(0x000000a73af00000,0x000000a73b000000) (1024K)]
  0x000002739f732c90 WorkerThread "G1 Conc#0"                       [id=52712, stack(0x000000a73b000000,0x000000a73b100000) (1024K)]

[error occurred during error reporting (printing all threads), id 0xc0000005, EXCEPTION_ACCESS_VIOLATION (0xc0000005) at pc=0x00007fff49c525a7]
VM state: not at safepoint (not fully initialized)

VM Mutex/Monitor currently owned by a thread:  ([mutex/lock_event])
[0x00007fff4a5c11c8] Heap_lock - owner thread: 0x000002739f80da60

Heap address: 0x0000000604c00000, size: 8116 MB, Compressed Oops mode: Zero based, Oop shift amount: 3

CDS archive(s) mapped at: [0x0000000000000000-0x0000000000000000-0x0000000000000000), size 0, SharedBaseAddress: 0x0000000800000000, ArchiveRelocationMode: 1.
Narrow klass base: 0x0000000000000000, Narrow klass shift: 0, Narrow klass range: 0x0

GC Precious Log:
 CardTable entry size: 512
 Card Set container configuration: InlinePtr #cards 4 size 8 Array Of Cards #cards 32 size 80 Howl #buckets 8 coarsen threshold 7372 Howl Bitmap #cards 1024 size 144 coarsen threshold 921 Card regions per heap region 1 cards per card region 8192

Heap:
 garbage-first heap   total 0K, used 0K [0x0000000604c00000, 0x0000000800000000)
  region size 4096K, 0 young (0K), 0 survivors (0K)

[error occurred during error reporting (printing heap information), id 0xc0000005, EXCEPTION_ACCESS_VIOLATION (0xc0000005) at pc=0x00007fff4a03e919]
GC Heap History (0 events):
No events

Dll operation events (1 events):
Event: 0.026 Loaded shared library C:\Users\fboro\.jdks\corretto-21.0.3\bin\java.dll

Deoptimization events (0 events):
No events

Classes loaded (0 events):
No events

Classes unloaded (0 events):
No events

Classes redefined (0 events):
No events

Internal exceptions (0 events):
No events

ZGC Phase Switch (0 events):
No events

VM Operations (0 events):
No events

Events (0 events):
No events


Dynamic libraries:
0x00007ff6f8150000 - 0x00007ff6f815e000 	C:\Users\fboro\.jdks\corretto-21.0.3\bin\java.exe
0x00007ff8977b0000 - 0x00007ff8979c7000 	C:\WINDOWS\SYSTEM32\ntdll.dll
0x00007ff8960c0000 - 0x00007ff896184000 	C:\WINDOWS\System32\KERNEL32.DLL
0x00007ff894c70000 - 0x00007ff89501c000 	C:\WINDOWS\System32\KERNELBASE.dll
0x00007ff8952e0000 - 0x00007ff8953f1000 	C:\WINDOWS\System32\ucrtbase.dll
0x00007ff87b360000 - 0x00007ff87b378000 	C:\Users\fboro\.jdks\corretto-21.0.3\bin\jli.dll
0x00007ff873df0000 - 0x00007ff873e0b000 	C:\Users\fboro\.jdks\corretto-21.0.3\bin\VCRUNTIME140.dll
0x00007ff896780000 - 0x00007ff89692e000 	C:\WINDOWS\System32\USER32.dll
0x00007ff894ba0000 - 0x00007ff894bc6000 	C:\WINDOWS\System32\win32u.dll
0x00007ff87d590000 - 0x00007ff87d823000 	C:\WINDOWS\WinSxS\amd64_microsoft.windows.common-controls_6595b64144ccf1df_6.0.22621.3672_none_2713b9d173822955\COMCTL32.dll
0x00007ff896930000 - 0x00007ff896959000 	C:\WINDOWS\System32\GDI32.dll
0x00007ff897690000 - 0x00007ff897737000 	C:\WINDOWS\System32\msvcrt.dll
0x00007ff895190000 - 0x00007ff8952a9000 	C:\WINDOWS\System32\gdi32full.dll
0x00007ff894bd0000 - 0x00007ff894c6a000 	C:\WINDOWS\System32\msvcp_win.dll
0x00007ff896b10000 - 0x00007ff896b41000 	C:\WINDOWS\System32\IMM32.DLL
0x00007ff880de0000 - 0x00007ff880dec000 	C:\Users\fboro\.jdks\corretto-21.0.3\bin\vcruntime140_1.dll
0x00007ff873d60000 - 0x00007ff873ded000 	C:\Users\fboro\.jdks\corretto-21.0.3\bin\msvcp140.dll
0x00007fff49910000 - 0x00007fff4a6a1000 	C:\Users\fboro\.jdks\corretto-21.0.3\bin\server\jvm.dll
0x00007ff896000000 - 0x00007ff8960b2000 	C:\WINDOWS\System32\ADVAPI32.dll
0x00007ff896b50000 - 0x00007ff896bfa000 	C:\WINDOWS\System32\sechost.dll
0x00007ff8952b0000 - 0x00007ff8952d8000 	C:\WINDOWS\System32\bcrypt.dll
0x00007ff895df0000 - 0x00007ff895f05000 	C:\WINDOWS\System32\RPCRT4.dll
0x00007ff897610000 - 0x00007ff897681000 	C:\WINDOWS\System32\WS2_32.dll
0x00007ff893910000 - 0x00007ff89395d000 	C:\WINDOWS\SYSTEM32\POWRPROF.dll
0x00007ff88be70000 - 0x00007ff88bea4000 	C:\WINDOWS\SYSTEM32\WINMM.dll
0x00007ff889110000 - 0x00007ff88911a000 	C:\WINDOWS\SYSTEM32\VERSION.dll
0x00007ff8938f0000 - 0x00007ff893903000 	C:\WINDOWS\SYSTEM32\UMPDC.dll
0x00007ff893ba0000 - 0x00007ff893bb8000 	C:\WINDOWS\SYSTEM32\kernel.appcore.dll
0x00007ff87b320000 - 0x00007ff87b32a000 	C:\Users\fboro\.jdks\corretto-21.0.3\bin\jimage.dll
0x00007ff891ef0000 - 0x00007ff892122000 	C:\WINDOWS\SYSTEM32\DBGHELP.DLL
0x00007ff8963f0000 - 0x00007ff896778000 	C:\WINDOWS\System32\combase.dll
0x00007ff896190000 - 0x00007ff896267000 	C:\WINDOWS\System32\OLEAUT32.dll
0x00007ff884110000 - 0x00007ff884142000 	C:\WINDOWS\SYSTEM32\dbgcore.DLL
0x00007ff894ab0000 - 0x00007ff894b2b000 	C:\WINDOWS\System32\bcryptPrimitives.dll
0x00007ff869370000 - 0x00007ff86937e000 	C:\Users\fboro\.jdks\corretto-21.0.3\bin\instrument.dll
0x00007ff873d40000 - 0x00007ff873d5f000 	C:\Users\fboro\.jdks\corretto-21.0.3\bin\java.dll

dbghelp: loaded successfully - version: 4.0.5 - missing functions: none
symbol engine: initialized successfully - sym options: 0x614 - pdb path: .;C:\Users\fboro\.jdks\corretto-21.0.3\bin;C:\WINDOWS\SYSTEM32;C:\WINDOWS\WinSxS\amd64_microsoft.windows.common-controls_6595b64144ccf1df_6.0.22621.3672_none_2713b9d173822955;C:\Users\fboro\.jdks\corretto-21.0.3\bin\server

VM Arguments:
jvm_args: -ea -Didea.test.cyclic.buffer.size=1048576 -javaagent:C:\Program Files\JetBrains\IntelliJIdea2024.1.4\lib\idea_rt.jar=52686:C:\Program Files\JetBrains\IntelliJIdea2024.1.4\bin -Dfile.encoding=UTF-8 -Dsun.stdout.encoding=UTF-8 -Dsun.stderr.encoding=UTF-8 
java_command: com.intellij.rt.junit.JUnitStarter -ideVersion5 -junit5 @w@C:\Users\fboro\AppData\Local\Temp\idea_working_dirs_junit1.tmp @C:\Users\fboro\AppData\Local\Temp\idea_junit1.tmp -socket52684
java_class_path (initial): C:\Users\fboro\.m2\repository\org\junit\platform\junit-platform-launcher\1.10.1\junit-platform-launcher-1.10.1.jar;C:\Users\fboro\.m2\repository\org\junit\vintage\junit-vintage-engine\5.10.1\junit-vintage-engine-5.10.1.jar;C:\Program Files\JetBrains\IntelliJIdea2024.1.4\lib\idea_rt.jar;C:\Program Files\JetBrains\IntelliJIdea2024.1.4\plugins\junit\lib\junit5-rt.jar;C:\Program Files\JetBrains\IntelliJIdea2024.1.4\plugins\junit\lib\junit-rt.jar;D:\proejcts\redocode\RedoCode_website\ProjectSource\RedoCode_backend\target\test-classes;D:\proejcts\redocode\RedoCode_website\ProjectSource\RedoCode_backend\target\classes;C:\Users\fboro\.m2\repository\org\springframework\boot\spring-boot-starter\3.2.2\spring-boot-starter-3.2.2.jar;C:\Users\fboro\.m2\repository\org\springframework\boot\spring-boot\3.2.2\spring-boot-3.2.2.jar;C:\Users\fboro\.m2\repository\org\springframework\boot\spring-boot-autoconfigure\3.2.2\spring-boot-autoconfigure-3.2.2.jar;C:\Users\fboro\.m2\repository\org\springframework\boot\spring-boot-starter-logging\3.2.2\spring-boot-starter-logging-3.2.2.jar;C:\Users\fboro\.m2\repository\ch\qos\logback\logback-classic\1.4.14\logback-classic-1.4.14.jar;C:\Users\fboro\.m2\repository\ch\qos\logback\logback-core\1.4.14\logback-core-1.4.14.jar;C:\Users\fboro\.m2\repository\org\apache\logging\log4j\log4j-to-slf4j\2.21.1\log4j-to-slf4j-2.21.1.jar;C:\Users\fboro\.m2\repository\org\apache\logging\log4j\log4j-api\2.21.1\log4j-api-2.21.1.jar;C:\Users\fboro\.m2\repository\org\slf4j\jul-to-slf4j\2.0.11\jul-to-slf4j-2.0.11.jar;C:\Users\fboro\.m2\repository\jakarta\annotation\jakarta.annotation-api\2.1.1\jakarta.annotation-api-2.1.1.jar;C:\Users\fboro\.m2\repository\org\springframework\spring-core\6.1.3\spring-core-6.1.3.jar;C:\Users\fboro\.m2\repository\org\springframework\spring-jcl\6.1.3\spring-jcl-6.1.3.jar;C:\Users\fboro\.m2\repository\org\springframework\boot\spring-boot-starter-test\2.5.0\spring-boot-starter-test-2.5.0.jar;C:\Users\fboro\.m2\repository\org\springframework\boot\spring-boot-test\3.2.2\spring-boot-test-3.2.2.jar;C:\Users\fboro\.m2\repository\org\springframework\boot\spring-boot-test-autoconfigure\3.2.2\spring-boot-test-autoconfigure-3.2.2.jar;C:\Users\fboro\.m2\repository\com\jayway\jsonpath\json-path\2.8.0\json-path-2.8.0.jar;C:\Users\fboro\.m2\repository\net\minidev\json-smart\2.5.0\json-smart-2.5.0.jar;C:\Users\fboro\.m2\repository\net\minidev\accessors-smart\2.5.0\accessors-smart-2.5.0.jar;C:\Users\fboro\.m2\repository\org\ow2\asm\asm\9.3\asm-9.3.jar;C:\Users\fboro\.m2\repository\jakarta\xml\bind\jakarta.xml.bind-api\4.0.1\jakarta.xml.bind-api-4.0.1.jar;C:\Users\fboro\.m2\repository\jakarta\activation\jakarta.activation-api\2.1.2\jakarta.activation-api-2.1.2.jar;C:\Users\fboro\.m2\repository\org\assertj\assertj-core\3.24.2\assertj-core-3.24.2.jar;C:\Users\fboro\.m2\repository\org\hamcrest\hamcrest\2.2\hamcrest-2.2.jar;C:\Users\fboro\.m2\repository\org\junit\jupiter\junit-jupiter\5.10.1\junit-jupiter-5.10.1.jar;C:\Users\fboro\.m2\repository\org\junit\jupiter\junit-jupiter-params\5.10.1\junit-jupiter-params-5.10.1.jar;C:\Users\fboro\.m2\repository\org\mockito\mockito-core\5.7.0\mockito-core-5.7.0.jar;C:\Users\fboro\.m2\repository\net\bytebuddy\byte-buddy-agent\1.14.11\byte-buddy-agent-1.14.11.jar;C:\Users\fboro\.m2\repository\org\objenesis\objenesis\3.3\objenesis-3.3.jar;C:\Users\fboro\.m2\repository\org\mockito\mockito-junit-jupiter\5.7.0\mockito-junit-jupiter-5.7.0.jar;C:\Users\fboro\.m2\repository\org\skyscreamer\jsonassert\1.5.1\jsonassert-1.5.1.jar;C:\Users\fboro\.m2\repository\com\vaadin\external\google\android-json\0.0.20131108.vaadin1\android-json-0.0.20131108.vaadin1.jar;C:\Users\fboro\.m2\repository\org\springframework\spring-test\6.1.3\spring-test-6.1.3.jar;C:\Users\fboro\.m2\repository\org\xmlunit\xmlunit-core\2.9.1\xmlunit-core-2.9.1.jar;C:\Users\fboro\.m2\repository\org\postgresql\postgresql\42.7.1\postgresql-42.7.1.jar;C:\Users\fboro\.m2\repository\org\checkerframework\checker-qual\3.41.0\checker-qual-3.41.0.jar;C:\Users\fboro\.m2\repository\org\junit\jupiter\junit-jupiter-engine\5.9.2\junit-jupiter-engine-5.9.2.jar;C:\Users\fboro\.m2\repository\org\junit\platform\junit-platform-engine\1.10.1\junit-platform-engine-1.10.1.jar;C:\Users\fboro\.m2\repository\org\opentest4j\opentest4j\1.3.0\opentest4j-1.3.0.jar;C:\Users\fboro\.m2\repository\org\junit\platform\junit-platform-commons\1.10.1\junit-platform-commons-1.10.1.jar;C:\Users\fboro\.m2\repository\org\junit\jupiter\junit-jupiter-api\5.10.1\junit-jupiter-api-5.10.1.jar;C:\Users\fboro\.m2\repository\org\apiguardian\apiguardian-api\1.1.2\apiguardian-api-1.1.2.jar;C:\Users\fboro\.m2\repository\org\springframework\boot\spring-boot-starter-data-jpa\3.2.2\spring-boot-starter-data-jpa-3.2.2.jar;C:\Users\fboro\.m2\repository\org\springframework\boot\spring-boot-starter-aop\3.2.2\spring-boot-starter-aop-3.2.2.jar;C:\Users\fboro\.m2\repository\org\aspectj\aspectjweaver\1.9.21\aspectjweaver-1.9.21.jar;C:\Users\fboro\.m2\repository\org\springframework\boot\spring-boot-starter-jdbc\3.2.2\spring-boot-starter-jdbc-3.2.2.jar;C:\Users\fboro\.m2\repository\com\zaxxer\HikariCP\5.0.1\HikariCP-5.0.1.jar;C:\Users\fboro\.m2\repository\org\springframework\spring-jdbc\6.1.3\spring-jdbc-6.1.3.jar;C:\Users\fboro\.m2\repository\org\springframework\data\spring-data-jpa\3.2.2\spring-data-jpa-3.2.2.jar;C:\Users\fboro\.m2\repository\org\springframework\data\spring-data-commons\3.2.2\spring-data-commons-3.2.2.jar;C:\Users\fboro\.m2\repository\org\springframework\spring-orm\6.1.3\spring-orm-6.1.3.jar;C:\Users\fboro\.m2\repository\org\springframework\spring-tx\6.1.3\spring-tx-6.1.3.jar;C:\Users\fboro\.m2\repository\org\springframework\spring-aspects\6.1.3\spring-aspects-6.1.3.jar;C:\Users\fboro\.m2\repository\com\fasterxml\jackson\datatype\jackson-datatype-hibernate5-jakarta\2.13.5\jackson-datatype-hibernate5-jakarta-2.13.5.jar;C:\Users\fboro\.m2\repository\jakarta\transaction\jakarta.transaction-api\2.0.1\jakarta.transaction-api-2.0.1.jar;C:\Users\fboro\.m2\repository\com\fasterxml\jackson\core\jackson-core\2.15.3\jackson-core-2.15.3.jar;C:\Users\fboro\.m2\repository\com\fasterxml\jackson\core\jackson-databind\2.15.3\jackson-databind-2.15.3.jar;C:\Users\fboro\.m2\repository\com\fasterxml\jackson\core\jackson-annotations\2.15.3\jackson-annotations-2.15.3.jar;C:\Users\fboro\.m2\repository\org\springframework\boot\spring-boot-starter-web\3.2.2\spring-boot-starter-web-3.2.2.jar;C:\Users\fboro\.m2\repository\org\springframework\boot\spring-boot-starter-json\3.2.2\spring-boot-starter-json-3.2.2.jar;C:\Users\fboro\.m2\repository\com\fasterxml\jackson\datatype\jackson-datatype-jdk8\2.15.3\jackson-datatype-jdk8-2.15.3.jar;C:\Users\fboro\.m2\repository\com\fasterxml\jackson\datatype\jackson-datatype-jsr310\2.15.3\jackson-datatype-jsr310-2.15.3.jar;C:\Users\fboro\.m2\repository\com\fasterxml\jackson\module\jackson-module-parameter-names\2.15.3\jackson-module-parameter-names-2.15.3.jar;C:\Users\fboro\.m2\repository\org\springframework\boot\spring-boot-starter-tomcat\3.2.2\spring-boot-starter-tomcat-3.2.2.jar;C:\Users\fboro\.m2\repository\org\apache\tomcat\embed\tomcat-embed-core\10.1.18\tomcat-embed-core-10.1.18.jar;C:\Users\fboro\.m2\repository\org\apache\tomcat\embed\tomcat-embed-websocket\10.1.18\tomcat-embed-websocket-10.1.18.jar;C:\Users\fboro\.m2\repository\org\springframework\spring-web\6.1.3\spring-web-6.1.3.jar;C:\Users\fboro\.m2\repository\org\springframework\spring-webmvc\6.1.3\spring-webmvc-6.1.3.jar;C:\Users\fboro\.m2\repository\org\springframework\security\spring-security-core\6.2.1\spring-security-core-6.2.1.jar;C:\Users\fboro\.m2\repository\org\springframework\security\spring-security-crypto\6.2.1\spring-security-crypto-6.2.1.jar;C:\Users\fboro\.m2\repository\org\springframework\spring-aop\6.1.3\spring-aop-6.1.3.jar;C:\Users\fboro\.m2\repository\org\springframework\spring-beans\6.1.3\spring-beans-6.1.3.jar;C:\Users\fboro\.m2\repository\org\springframework\spring-context\6.1.3\spring-context-6.1.3.jar;C:\Users\fboro\.m2\repository\org\springframework\spring-expression\6.1.3\spring-expression-6.1.3.jar;C:\Users\fboro\.m2\repository\io\micrometer\micrometer-observation\1.12.2\micrometer-observation-1.12.2.jar;C:\Users\fboro\.m2\repository\io\micrometer\micrometer-commons\1.12.2\micrometer-commons-1.12.2.jar;C:\Users\fboro\.m2\repository\com\github\docker-java\docker-java\3.3.4\docker-java-3.3.4.jar;C:\Users\fboro\.m2\repository\com\github\docker-java\docker-java-core\3.3.4\docker-java-core-3.3.4.jar;C:\Users\fboro\.m2\repository\com\github\docker-java\docker-java-api\3.3.4\docker-java-api-3.3.4.jar;C:\Users\fboro\.m2\repository\commons-io\commons-io\2.13.0\commons-io-2.13.0.jar;C:\Users\fboro\.m2\repository\org\apache\commons\commons-compress\1.21\commons-compress-1.21.jar;C:\Users\fboro\.m2\repository\org\apache\commons\commons-lang3\3.13.0\commons-lang3-3.13.0.jar;C:\Users\fboro\.m2\repository\com\google\guava\guava\19.0\guava-19.0.jar;C:\Users\fboro\.m2\repository\org\bouncycastle\bcpkix-jdk18on\1.76\bcpkix-jdk18on-1.76.jar;C:\Users\fboro\.m2\repository\org\bouncycastle\bcprov-jdk18on\1.76\bcprov-jdk18on-1.76.jar;C:\Users\fboro\.m2\repository\org\bouncycastle\bcutil-jdk18on\1.76\bcutil-jdk18on-1.76.jar;C:\Users\fboro\.m2\repository\com\github\docker-java\docker-java-transport-jersey\3.3.4\docker-java-transport-jersey-3.3.4.jar;C:\Users\fboro\.m2\repository\com\fasterxml\jackson\jaxrs\jackson-jaxrs-json-provider\2.15.3\jackson-jaxrs-json-provider-2.15.3.jar;C:\Users\fboro\.m2\repository\com\fasterxml\jackson\jaxrs\jackson-jaxrs-base\2.15.3\jackson-jaxrs-base-2.15.3.jar;C:\Users\fboro\.m2\repository\com\fasterxml\jackson\module\jackson-module-jaxb-annotations\2.15.3\jackson-module-jaxb-annotations-2.15.3.jar;C:\Users\fboro\.m2\repository\org\glassfish\jersey\connectors\jersey-apache-connector\3.1.5\jersey-apache-connector-3.1.5.jar;C:\Users\fboro\.m2\repository\org\glassfish\jersey\core\jersey-common\3.1.5\jersey-common-3.1.5.jar;C:\Users\fboro\.m2\repository\org\glassfish\hk2\osgi-resource-locator\1.0.3\osgi-resource-locator-1.0.3.jar;C:\Users\fboro\.m2\repository\jakarta\ws\rs\jakarta.ws.rs-api\3.1.0\jakarta.ws.rs-api-3.1.0.jar;C:\Users\fboro\.m2\repository\org\apache\httpcomponents\httpcore\4.4.16\httpcore-4.4.16.jar;C:\Users\fboro\.m2\repository\org\apache\httpcomponents\httpclient\4.5.12\httpclient-4.5.12.jar;C:\Users\fboro\.m2\repository\commons-codec\commons-codec\1.16.0\commons-codec-1.16.0.jar;C:\Users\fboro\.m2\repository\org\glassfish\jersey\core\jersey-client\3.1.5\jersey-client-3.1.5.jar;C:\Users\fboro\.m2\repository\org\glassfish\jersey\inject\jersey-hk2\3.1.5\jersey-hk2-3.1.5.jar;C:\Users\fboro\.m2\repository\org\glassfish\hk2\hk2-locator\3.0.5\hk2-locator-3.0.5.jar;C:\Users\fboro\.m2\repository\org\glassfish\hk2\external\aopalliance-repackaged\3.0.5\aopalliance-repackaged-3.0.5.jar;C:\Users\fboro\.m2\repository\org\glassfish\hk2\hk2-api\3.0.5\hk2-api-3.0.5.jar;C:\Users\fboro\.m2\repository\org\glassfish\hk2\hk2-utils\3.0.5\hk2-utils-3.0.5.jar;C:\Users\fboro\.m2\repository\org\javassist\javassist\3.29.2-GA\javassist-3.29.2-GA.jar;C:\Users\fboro\.m2\repository\com\kohlschutter\junixsocket\junixsocket-common\2.6.1\junixsocket-common-2.6.1.jar;C:\Users\fboro\.m2\repository\com\kohlschutter\junixsocket\junixsocket-native-common\2.6.1\junixsocket-native-common-2.6.1.jar;C:\Users\fboro\.m2\repository\com\github\docker-java\docker-java-transport-netty\3.3.4\docker-java-transport-netty-3.3.4.jar;C:\Users\fboro\.m2\repository\io\netty\netty-codec-http\4.1.105.Final\netty-codec-http-4.1.105.Final.jar;C:\Users\fboro\.m2\repository\io\netty\netty-common\4.1.105.Final\netty-common-4.1.105.Final.jar;C:\Users\fboro\.m2\repository\io\netty\netty-buffer\4.1.105.Final\netty-buffer-4.1.105.Final.jar;C:\Users\fboro\.m2\repository\io\netty\netty-transport\4.1.105.Final\netty-transport-4.1.105.Final.jar;C:\Users\fboro\.m2\repository\io\netty\netty-codec\4.1.105.Final\netty-codec-4.1.105.Final.jar;C:\Users\fboro\.m2\repository\io\netty\netty-handler\4.1.105.Final\netty-handler-4.1.105.Final.jar;C:\Users\fboro\.m2\repository\io\netty\netty-resolver\4.1.105.Final\netty-resolver-4.1.105.Final.jar;C:\Users\fboro\.m2\repository\io\netty\netty-transport-native-unix-common\4.1.105.Final\netty-transport-native-unix-common-4.1.105.Final.jar;C:\Users\fboro\.m2\repository\io\netty\netty-handler-proxy\4.1.105.Final\netty-handler-proxy-4.1.105.Final.jar;C:\Users\fboro\.m2\repository\io\netty\netty-codec-socks\4.1.105.Final\netty-codec-socks-4.1.105.Final.jar;C:\Users\fboro\.m2\repository\io\netty\netty-transport-native-epoll\4.1.105.Final\netty-transport-native-epoll-4.1.105.Final-linux-x86_64.jar;C:\Users\fboro\.m2\repository\io\netty\netty-transport-classes-epoll\4.1.105.Final\netty-transport-classes-epoll-4.1.105.Final.jar;C:\Users\fboro\.m2\repository\io\netty\netty-transport-native-kqueue\4.1.105.Final\netty-transport-native-kqueue-4.1.105.Final-osx-x86_64.jar;C:\Users\fboro\.m2\repository\io\netty\netty-transport-classes-kqueue\4.1.105.Final\netty-transport-classes-kqueue-4.1.105.Final.jar;C:\Users\fboro\.m2\repository\org\slf4j\jcl-over-slf4j\2.0.11\jcl-over-slf4j-2.0.11.jar;C:\Users\fboro\.m2\repository\com\github\docker-java\docker-java-transport-httpclient5\3.3.4\docker-java-transport-httpclient5-3.3.4.jar;C:\Users\fboro\.m2\repository\com\github\docker-java\docker-java-transport\3.3.4\docker-java-transport-3.3.4.jar;C:\Users\fboro\.m2\repository\net\java\dev\jna\jna\5.13.0\jna-5.13.0.jar;C:\Users\fboro\.m2\repository\org\apache\httpcomponents\client5\httpclient5\5.3.1\httpclient5-5.3.1.jar;C:\Users\fboro\.m2\repository\org\apache\httpcomponents\core5\httpcore5\5.2.4\httpcore5-5.2.4.jar;C:\Users\fboro\.m2\repository\org\apache\httpcomponents\core5\httpcore5-h2\5.2.4\httpcore5-h2-5.2.4.jar;C:\Users\fboro\.m2\repository\org\slf4j\slf4j-api\2.0.11\slf4j-api-2.0.11.jar;C:\Users\fboro\.m2\repository\javax\xml\bind\jaxb-api\2.3.0\jaxb-api-2.3.0.jar;C:\Users\fboro\.m2\repository\io\fabric8\kubernetes-client\6.10.0\kubernetes-client-6.10.0.jar;C:\Users\fboro\.m2\repository\io\fabric8\kubernetes-client-api\6.10.0\kubernetes-client-api-6.10.0.jar;C:\Users\fboro\.m2\repository\io\fabric8\kubernetes-model-core\6.10.0\kubernetes-model-core-6.10.0.jar;C:\Users\fboro\.m2\repository\io\fabric8\kubernetes-model-common\6.10.0\kubernetes-model-common-6.10.0.jar;C:\Users\fboro\.m2\repository\io\fabric8\kubernetes-model-gatewayapi\6.10.0\kubernetes-model-gatewayapi-6.10.0.jar;C:\Users\fboro\.m2\repository\io\fabric8\kubernetes-model-resource\6.10.0\kubernetes-model-resource-6.10.0.jar;C:\Users\fboro\.m2\repository\io\fabric8\kubernetes-model-rbac\6.10.0\kubernetes-model-rbac-6.10.0.jar;C:\Users\fboro\.m2\repository\io\fabric8\kubernetes-model-admissionregistration\6.10.0\kubernetes-model-admissionregistration-6.10.0.jar;C:\Users\fboro\.m2\repository\io\fabric8\kubernetes-model-apps\6.10.0\kubernetes-model-apps-6.10.0.jar;C:\Users\fboro\.m2\repository\io\fabric8\kubernetes-model-autoscaling\6.10.0\kubernetes-model-autoscaling-6.10.0.jar;C:\Users\fboro\.m2\repository\io\fabric8\kubernetes-model-apiextensions\6.10.0\kubernetes-model-apiextensions-6.10.0.jar;C:\Users\fboro\.m2\repository\io\fabric8\kubernetes-model-batch\6.10.0\kubernetes-model-batch-6.10.0.jar;C:\Users\fboro\.m2\repository\io\fabric8\kubernetes-model-certificates\6.10.0\kubernetes-model-certificates-6.10.0.jar;C:\Users\fboro\.m2\repository\io\fabric8\kubernetes-model-coordination\6.10.0\kubernetes-model-coordination-6.10.0.jar;C:\Users\fboro\.m2\repository\io\fabric8\kubernetes-model-discovery\6.10.0\kubernetes-model-discovery-6.10.0.jar;C:\Users\fboro\.m2\repository\io\fabric8\kubernetes-model-events\6.10.0\kubernetes-model-events-6.10.0.jar;C:\Users\fboro\.m2\repository\io\fabric8\kubernetes-model-extensions\6.10.0\kubernetes-model-extensions-6.10.0.jar;C:\Users\fboro\.m2\repository\io\fabric8\kubernetes-model-flowcontrol\6.10.0\kubernetes-model-flowcontrol-6.10.0.jar;C:\Users\fboro\.m2\repository\io\fabric8\kubernetes-model-networking\6.10.0\kubernetes-model-networking-6.10.0.jar;C:\Users\fboro\.m2\repository\io\fabric8\kubernetes-model-metrics\6.10.0\kubernetes-model-metrics-6.10.0.jar;C:\Users\fboro\.m2\repository\io\fabric8\kubernetes-model-policy\6.10.0\kubernetes-model-policy-6.10.0.jar;C:\Users\fboro\.m2\repository\io\fabric8\kubernetes-model-scheduling\6.10.0\kubernetes-model-scheduling-6.10.0.jar;C:\Users\fboro\.m2\repository\io\fabric8\kubernetes-model-storageclass\6.10.0\kubernetes-model-storageclass-6.10.0.jar;C:\Users\fboro\.m2\repository\io\fabric8\kubernetes-model-node\6.10.0\kubernetes-model-node-6.10.0.jar;C:\Users\fboro\.m2\repository\org\snakeyaml\snakeyaml-engine\2.7\snakeyaml-engine-2.7.jar;C:\Users\fboro\.m2\repository\com\fasterxml\jackson\dataformat\jackson-dataformat-yaml\2.15.3\jackson-dataformat-yaml-2.15.3.jar;C:\Users\fboro\.m2\repository\io\fabric8\kubernetes-httpclient-okhttp\6.10.0\kubernetes-httpclient-okhttp-6.10.0.jar;C:\Users\fboro\.m2\repository\com\squareup\okhttp3\okhttp\4.12.0\okhttp-4.12.0.jar;C:\Users\fboro\.m2\repository\com\squareup\okio\okio\3.6.0\okio-3.6.0.jar;C:\Users\fboro\.m2\repository\com\squareup\okio\okio-jvm\3.6.0\okio-jvm-3.6.0.jar;C:\Users\fboro\.m2\repository\org\jetbrains\kotlin\kotlin-stdlib-common\1.9.22\kotlin-stdlib-common-1.9.22.jar;C:\Users\fboro\.m2\repository\org\jetbrains\kotlin\kotlin-stdlib-jdk8\1.9.22\kotlin-stdlib-jdk8-1.9.22.jar;C:\Users\fboro\.m2\repository\org\jetbrains\kotlin\kotlin-stdlib\1.9.22\kotlin-stdlib-1.9.22.jar;C:\Users\fboro\.m2\repository\org\jetbrains\kotlin\kotlin-stdlib-jdk7\1.9.22\kotlin-stdlib-jdk7-1.9.22.jar;C:\Users\fboro\.m2\repository\com\squareup\okhttp3\logging-interceptor\4.12.0\logging-interceptor-4.12.0.jar;C:\Users\fboro\.m2\repository\io\fabric8\zjsonpatch\0.3.0\zjsonpatch-0.3.0.jar;C:\Users\fboro\.m2\repository\org\yaml\snakeyaml\2.2\snakeyaml-2.2.jar;C:\Users\fboro\.m2\repository\org\projectlombok\lombok\1.18.30\lombok-1.18.30.jar;C:\Users\fboro\.m2\repository\org\springframework\boot\spring-boot-starter-websocket\3.2.2\spring-boot-starter-websocket-3.2.2.jar;C:\Users\fboro\.m2\repository\org\springframework\spring-websocket\6.1.3\spring-websocket-6.1.3.jar;C:\Users\fboro\.m2\repository\org\springframework\boot\spring-boot-devtools\3.2.2\spring-boot-devtools-3.2.2.jar;C:\Users\fboro\.m2\repository\junit\junit\4.13.2\junit-4.13.2.jar;C:\Users\fboro\.m2\repository\org\hamcrest\hamcrest-core\2.2\hamcrest-core-2.2.jar;C:\Users\fboro\.m2\repository\org\springframework\boot\spring-boot-starter-validation\3.2.2\spring-boot-starter-validation-3.2.2.jar;C:\Users\fboro\.m2\repository\org\apache\tomcat\embed\tomcat-embed-el\10.1.18\tomcat-embed-el-10.1.18.jar;C:\Users\fboro\.m2\repository\org\hibernate\validator\hibernate-validator\8.0.1.Final\hibernate-validator-8.0.1.Final.jar;C:\Users\fboro\.m2\repository\jakarta\validation\jakarta.validation-api\3.0.2\jakarta.validation-api-3.0.2.jar;C:\Users\fboro\.m2\repository\org\jetbrains\annotations\13.0\annotations-13.0.jar;C:\Users\fboro\.m2\repository\org\hibernate\orm\hibernate-core\6.5.2.Final\hibernate-core-6.5.2.Final.jar;C:\Users\fboro\.m2\repository\jakarta\persistence\jakarta.persistence-api\3.1.0\jakarta.persistence-api-3.1.0.jar;C:\Users\fboro\.m2\repository\org\jboss\logging\jboss-logging\3.5.3.Final\jboss-logging-3.5.3.Final.jar;C:\Users\fboro\.m2\repository\org\hibernate\common\hibernate-commons-annotations\6.0.6.Final\hibernate-commons-annotations-6.0.6.Final.jar;C:\Users\fboro\.m2\repository\io\smallrye\jandex\3.1.2\jandex-3.1.2.jar;C:\Users\fboro\.m2\repository\com\fasterxml\classmate\1.6.0\classmate-1.6.0.jar;C:\Users\fboro\.m2\repository\net\bytebuddy\byte-buddy\1.14.11\byte-buddy-1.14.11.jar;C:\Users\fboro\.m2\repository\org\glassfish\jaxb\jaxb-runtime\4.0.4\jaxb-runtime-4.0.4.jar;C:\Users\fboro\.m2\repository\org\glassfish\jaxb\jaxb-core\4.0.4\jaxb-core-4.0.4.jar;C:\Users\fboro\.m2\repository\org\eclipse\angus\angus-activation\2.0.1\angus-activation-2.0.1.jar;C:\Users\fboro\.m2\repository\org\glassfish\jaxb\txw2\4.0.4\txw2-4.0.4.jar;C:\Users\fboro\.m2\repository\com\sun\istack\istack-commons-runtime\4.1.2\istack-commons-runtime-4.1.2.jar;C:\Users\fboro\.m2\repository\jakarta\inject\jakarta.inject-api\2.0.1\jakarta.inject-api-2.0.1.jar;C:\Users\fboro\.m2\repository\org\antlr\antlr4-runtime\4.13.0\antlr4-runtime-4.13.0.jar;C:\Users\fboro\.m2\repository\org\hibernate\hibernate-annotations\3.5.6-Final\hibernate-annotations-3.5.6-Final.jar;C:\Users\fboro\.m2\repository\org\hibernate\hibernate-core\3.5.6-Final\hibernate-core-3.5.6-Final.jar;C:\Users\fboro\.m2\repository\antlr\antlr\2.7.6\antlr-2.7.6.jar;C:\Users\fboro\.m2\repository\commons-collections\commons-collections\3.1\commons-collections-3.1.jar;C:\Users\fboro\.m2\repository\dom4j\dom4j\1.6.1\dom4j-1.6.1.jar;C:\Users\fboro\.m2\repository\xml-apis\xml-apis\1.0.b2\xml-apis-1.0.b2.jar;C:\Users\fboro\.m2\repository\javax\transaction\jta\1.1\jta-1.1.jar;C:\Users\fboro\.m2\repository\org\hibernate\hibernate-commons-annotations\3.2.0.Final\hibernate-commons-annotations-3.2.0.Final.jar;C:\Users\fboro\.m2\repository\org\hibernate\javax\persistence\hibernate-jpa-2.0-api\1.0.0.Final\hibernate-jpa-2.0-api-1.0.0.Final.jar;C:\Users\fboro\.m2\repository\org\springframework\spring-messaging\6.1.10\spring-messaging-6.1.10.jar
Launcher Type: SUN_STANDARD

[Global flags]
     intx CICompilerCount                          = 12                                        {product} {ergonomic}
     uint ConcGCThreads                            = 4                                         {product} {ergonomic}
     uint G1ConcRefinementThreads                  = 15                                        {product} {ergonomic}
   size_t G1HeapRegionSize                         = 4194304                                   {product} {ergonomic}
    uintx GCDrainStackTargetSize                   = 64                                        {product} {ergonomic}
   size_t InitialHeapSize                          = 532676608                                 {product} {ergonomic}
   size_t MarkStackSize                            = 4194304                                   {product} {ergonomic}
   size_t MaxHeapSize                              = 8510242816                                {product} {ergonomic}
   size_t MinHeapDeltaBytes                        = 4194304                                   {product} {ergonomic}
   size_t MinHeapSize                              = 8388608                                   {product} {ergonomic}
    uintx NonNMethodCodeHeapSize                   = 7602480                                {pd product} {ergonomic}
    uintx NonProfiledCodeHeapSize                  = 122027880                              {pd product} {ergonomic}
    uintx ProfiledCodeHeapSize                     = 122027880                              {pd product} {ergonomic}
    uintx ReservedCodeCacheSize                    = 251658240                              {pd product} {ergonomic}
     bool SegmentedCodeCache                       = true                                      {product} {ergonomic}
   size_t SoftMaxHeapSize                          = 8510242816                             {manageable} {ergonomic}
     bool UseCompressedOops                        = true                           {product lp64_product} {ergonomic}
     bool UseG1GC                                  = true                                      {product} {ergonomic}
     bool UseLargePagesIndividualAllocation        = false                                  {pd product} {ergonomic}

Logging:
Log output configuration:
 #0: stdout all=warning uptime,level,tags foldmultilines=false
 #1: stderr all=off uptime,level,tags foldmultilines=false

Environment Variables:
JAVA_HOME=C:\Program Files\Java\jdk-17
PATH=D:\pliki\Vmaareqokrstaion\bin\;C:\Program Files\Eclipse Adoptium\jre-21.0.3.9-hotspot\bin;C:\Program Files\Common Files\Oracle\Java\javapath;C:\Program Files (x86)\Common Files\Oracle\Java\java8path;C:\Program Files (x86)\Common Files\Oracle\Java\javapath;D:\pliki\xe21\dbhomeXE\bin;D:\pliki\eclypse adoptium\bin;D:\pliki\oracleXe\dbhomeXE\bin;D:\pliki\oracleServer\bin;C:\Program Files\NVIDIA GPU Computing Toolkit\CUDA\v11.7\bin;C:\Program Files\NVIDIA GPU Computing Toolkit\CUDA\v11.7\libnvvp;C:\Program Files (x86)\Common Files\Intel\Shared Libraries\redist\intel64\compiler;C:\Windows\system32;C:\Windows;C:\Windows\System32\Wbem;C:\Windows\System32\WindowsPowerShell\v1.0\;C:\Windows\System32\OpenSSH\;C:\Program Files (x86)\NVIDIA Corporation\PhysX\Common;C:\Program Files\NVIDIA Corporation\NVIDIA NvDLISR;C:\Program Files\NVIDIA Corporation\Nsight Compute 2022.2.1\;C:\Program Files\CMake\bin;C:\WINDOWS\system32;C:\WINDOWS;C:\WINDOWS\System32\Wbem;C:\WINDOWS\System32\WindowsPowerShell\v1.0\;C:\WINDOWS\System32\OpenSSH\;D:\pliki\xcomplier\bin;C:\Program Files\Microchip\xc8\v2.40\bin;C:\Program Files (x86)\Yarn\bin\;D:\pliki\matlab2019\runtime\win64;D:\pliki\matlab2019\bin;D:\pliki\matlab2019\polyspace\bin;D:\pliki\apache-maven-3.9.5\bin;D:\pliki\php-8.3.0-nts-Win32-vs16-x64;C:\ProgramData\ComposerSetup\bin;D:\pliki\nodejs\;C:\Program Files\Graphviz\bin;D:\pliki\Minikube;C:\ProgramData\chocolatey\bin;C:\Program Files (x86)\Gpg4win\..\GnuPG\bin;C:\Program Files\Docker\Docker\resources\bin;C:\Program Files (x86)\Windows Kits\10\Windows Performance Toolkit\;D:\pliki\page;C:\Program Files\Git\cmd;C:\Program Files\Git LFS;C:\Program Files (x86)\Microsoft SQL Server\160\Tools\Binn\;C:\Program Files\Microsoft SQL Server\160\Tools\Binn\;C:\Program Files\Microsoft SQL Server\Client SDK\ODBC\170\Tools\Binn\;C:\Program Files\Microsoft SQL Server\160\DTS\Binn\;C:\Program Files (x86)\Microsoft SQL Server\160\DTS\Binn\;C:\Program Files\Microsoft SQL Server\150\Tools\Binn\;C:\Program Files\doxygen\bin;C:\python\Scripts\;C:\python\;C:\Users\fboro\.console-ninja\.bin;C:\Users\fboro\AppData\Local\Android\Sdk\platform-tools;C:\Users\fboro\AppData\Local\Android\Sdk\tools;C:\Users\fboro\miniconda3;C:\Users\fboro\miniconda3\Library\mingw-w64\bin;C:\Users\fboro\miniconda3\Library\usr\bin;C:\Users\fboro\miniconda3\Library\bin;C:\Users\fboro\miniconda3\Scripts;C:\Users\fboro\AppData\Local\Programs\Python\Python310\Scripts\;C:\Users\fboro\AppData\Local\Programs\Python\Python310\;C:\Users\fboro\AppData\Local\Microsoft\WindowsApps;C:\Users\fboro\AppData\Local\Programs\Python\Python310;C:\Program Files\CodeBlocks\MinGW\bin;C:\Users\fboro\AppData\Local\GitHubDesktop\bin;D:\pliki\Microsoft VS Code\bin;D:\studia\sem3\C_2\Programowanie w jezyku C 2 - projekt\Projekt\wokringdire\Dziennik_library\Dziennik_library\openssl-3\x64\bin;D:\temp\dziennik\Dzieenik_Projekt_Cpp2\Dziennik_library\Dziennik_library\openssl-3\x64\bin;D:\temp\dziennik\Dzieenik_Projekt_Cpp2\Dziennik_library\Dziennik_library\openssl-3\x64\bin;D:\temp\pandoc-2.19.2;C:\Users\fboro\AppData\;D:\pliki\Clion\CLion 2023.1.4\bin;C:\Users\fboro\.dotnet\tools;C:\Users\fboro\AppData\Local\Yarn\bin;D:\pliki\postgresql\bin;D:\pliki\Julia-1.9.3\bin;D:\pliki\intelj\IntelliJ IDEA 2023.2.5\bin;D:\pliki\phpStorm\PhpStorm 2023.2.3\bin;C:\Users\fboro\AppData\Roaming\Composer\vendor\bin;C:\Users\fboro\AppData\Roaming\npm;D:\pliki\gitlab_runner;D:\pliki\platform-tools;C:\Qt\6.6.2\mingw_64\bin;D:\pliki\ffmpeg-5.1.2-full_build\bin;C:\Program Files\Git\cmd;;C:\Program Files\JetBrains\JetBrains Rider 2024.1.3\bin;
USERNAME=fboro
OS=Windows_NT
PROCESSOR_IDENTIFIER=Intel64 Family 6 Model 154 Stepping 3, GenuineIntel
TMP=C:\Users\fboro\AppData\Local\Temp
TEMP=C:\Users\fboro\AppData\Local\Temp




Periodic native trim disabled

---------------  S Y S T E M  ---------------

OS:
 Windows 11 , 64 bit Build 22621 (10.0.22621.3672)
OS uptime: 0 days 0:28 hours
Hyper-V role detected

CPU: total 20 (initial active 20) (10 cores per cpu, 2 threads per core) family 6 model 154 stepping 3 microcode 0x41c, cx8, cmov, fxsr, ht, mmx, 3dnowpref, sse, sse2, sse3, ssse3, sse4.1, sse4.2, popcnt, lzcnt, tsc, tscinvbit, avx, avx2, aes, erms, clmul, bmi1, bmi2, adx, sha, fma, vzeroupper, clflush, clflushopt, clwb, hv, serialize, rdtscp, rdpid, fsrm, f16c, cet_ibt, cet_ss
Processor Information for processor 0
  Max Mhz: 2500, Current Mhz: 2500, Mhz Limit: 2500
Processor Information for processor 1
  Max Mhz: 2500, Current Mhz: 2500, Mhz Limit: 2500
Processor Information for processor 2
  Max Mhz: 2500, Current Mhz: 2500, Mhz Limit: 2500
Processor Information for processor 3
  Max Mhz: 2500, Current Mhz: 2500, Mhz Limit: 2500
Processor Information for processor 4
  Max Mhz: 2500, Current Mhz: 2500, Mhz Limit: 2500
Processor Information for processor 5
  Max Mhz: 2500, Current Mhz: 2500, Mhz Limit: 2500
Processor Information for processor 6
  Max Mhz: 2500, Current Mhz: 2500, Mhz Limit: 2500
Processor Information for processor 7
  Max Mhz: 2500, Current Mhz: 2500, Mhz Limit: 2500
Processor Information for processor 8
  Max Mhz: 2500, Current Mhz: 2500, Mhz Limit: 2500
Processor Information for processor 9
  Max Mhz: 2500, Current Mhz: 2500, Mhz Limit: 2500
Processor Information for processor 10
  Max Mhz: 2500, Current Mhz: 2500, Mhz Limit: 2500
Processor Information for processor 11
  Max Mhz: 2500, Current Mhz: 2500, Mhz Limit: 2500
Processor Information for processor 12
  Max Mhz: 2500, Current Mhz: 1800, Mhz Limit: 1800
Processor Information for processor 13
  Max Mhz: 2500, Current Mhz: 1800, Mhz Limit: 1800
Processor Information for processor 14
  Max Mhz: 2500, Current Mhz: 1500, Mhz Limit: 1800
Processor Information for processor 15
  Max Mhz: 2500, Current Mhz: 1800, Mhz Limit: 1800
Processor Information for processor 16
  Max Mhz: 2500, Current Mhz: 1800, Mhz Limit: 1800
Processor Information for processor 17
  Max Mhz: 2500, Current Mhz: 1800, Mhz Limit: 1800
Processor Information for processor 18
  Max Mhz: 2500, Current Mhz: 1800, Mhz Limit: 1800
Processor Information for processor 19
  Max Mhz: 2500, Current Mhz: 1800, Mhz Limit: 1800

Memory: 4k page, system-wide physical 32459M (5477M free)
TotalPageFile size 74664M (AvailPageFile size 43M)
current process WorkingSet (physical memory assigned to process): 12M, peak: 12M
current process commit charge ("private bytes"): 75M, peak: 583M

vm_info: OpenJDK 64-Bit Server VM (21.0.3+9-LTS) for windows-amd64 JRE (21.0.3+9-LTS), built on 2024-04-10T19:10:39Z by "Administrator" with MS VC++ 16.10 / 16.11 (VS2019)

END.
